Using pre-set license
Built from '2021.1/staging' branch; Version is '2021.1.3f1 (4bef613afd59) revision 4976481'; Using compiler version '192528614'; Build Type 'Release'
OS: 'Windows 10 Pro; OS build 18363.1556; Version 1909; 64bit' Language: 'pl' Physical Memory: 16260 MB
BatchMode: 1, IsHumanControllingUs: 0, StartBugReporterOnCrash: 0, Is64bit: 1, IsPro: 0

 COMMAND LINE ARGUMENTS:
C:\Program Files\Unity\Hub\Editor\2021.1.3f1\Editor\Unity.exe
-adb2
-batchMode
-noUpm
-name
AssetImportWorker3
-projectPath
C:/Users/mmatu/Documents/Projekty/Farmind
-logFile
Logs/AssetImportWorker3.log
-srvPort
54660
Successfully changed project path to: C:/Users/mmatu/Documents/Projekty/Farmind
C:/Users/mmatu/Documents/Projekty/Farmind
Using Asset Import Pipeline V2.
Refreshing native plugins compatible for Editor in 112.93 ms, found 1 plugins.
Preloading 0 native plugins for Editor in 0.00 ms.
Initialize engine version: 2021.1.3f1 (4bef613afd59)
[Subsystems] Discovering subsystems at path C:/Program Files/Unity/Hub/Editor/2021.1.3f1/Editor/Data/Resources/UnitySubsystems
[Subsystems] Discovering subsystems at path C:/Users/mmatu/Documents/Projekty/Farmind/Assets
GfxDevice: creating device client; threaded=0; jobified=0
Direct3D:
    Version:  Direct3D 11.0 [level 11.0]
    Renderer: NVIDIA GeForce GTX 950M (ID=0x139a)
    Vendor:   NVIDIA
    VRAM:     2010 MB
    Driver:   27.21.14.6627
Initialize mono
Mono path[0] = 'C:/Program Files/Unity/Hub/Editor/2021.1.3f1/Editor/Data/Managed'
Mono path[1] = 'C:/Program Files/Unity/Hub/Editor/2021.1.3f1/Editor/Data/MonoBleedingEdge/lib/mono/unityjit'
Mono config path = 'C:/Program Files/Unity/Hub/Editor/2021.1.3f1/Editor/Data/MonoBleedingEdge/etc'
Using monoOptions --debugger-agent=transport=dt_socket,embedding=1,server=y,suspend=n,address=127.0.0.1:56344
Begin MonoManager ReloadAssembly
Registering precompiled unity dll's ...
Register platform support module: C:/Program Files/Unity/Hub/Editor/2021.1.3f1/Editor/Data/PlaybackEngines/WebGLSupport/UnityEditor.WebGL.Extensions.dll
Register platform support module: C:/Program Files/Unity/Hub/Editor/2021.1.3f1/Editor/Data/PlaybackEngines/MacStandaloneSupport/UnityEditor.OSXStandalone.Extensions.dll
Register platform support module: C:/Program Files/Unity/Hub/Editor/2021.1.3f1/Editor/Data/PlaybackEngines/WindowsStandaloneSupport/UnityEditor.WindowsStandalone.Extensions.dll
Register platform support module: C:/Program Files/Unity/Hub/Editor/2021.1.3f1/Editor/Data/PlaybackEngines/LinuxStandaloneSupport/UnityEditor.LinuxStandalone.Extensions.dll
Registered in 0.004660 seconds.
Native extension for LinuxStandalone target not found
Native extension for WindowsStandalone target not found
Native extension for OSXStandalone target not found
Native extension for WebGL target not found
Refreshing native plugins compatible for Editor in 98.80 ms, found 1 plugins.
Preloading 0 native plugins for Editor in 0.00 ms.
Mono: successfully reloaded assembly
- Completed reload, in  2.474 seconds
Platform modules already initialized, skipping
Registering precompiled user dll's ...
Registered in 0.006291 seconds.
Begin MonoManager ReloadAssembly
Native extension for LinuxStandalone target not found
Native extension for WindowsStandalone target not found
Native extension for OSXStandalone target not found
Native extension for WebGL target not found
Refreshing native plugins compatible for Editor in 0.85 ms, found 1 plugins.
Preloading 0 native plugins for Editor in 0.00 ms.
Mono: successfully reloaded assembly
- Completed reload, in  2.489 seconds
Platform modules already initialized, skipping
========================================================================
Worker process is ready to serve import requests
Launched and connected shader compiler UnityShaderCompiler.exe after 0.08 seconds
Refreshing native plugins compatible for Editor in 0.85 ms, found 1 plugins.
Preloading 0 native plugins for Editor in 0.00 ms.
Unloading 2665 Unused Serialized files (Serialized files now loaded: 0)
System memory in use before: 98.1 MB.
System memory in use after: 98.3 MB.

Unloading 15 unused Assets to reduce memory usage. Loaded Objects now: 3117.
Total: 4.831100 ms (FindLiveObjects: 0.510000 ms CreateObjectMapping: 0.314000 ms MarkObjects: 3.866500 ms  DeleteObjects: 0.138700 ms)

========================================================================
Received Import Request.
  path: Assets/Materials/Sciany.mat
  artifactKey: Guid(199801aefd4903740ad238074fb643c9) Importer(815301076,1909f56bfc062723c751e8b465ee728b)
Start importing Assets/Materials/Sciany.mat using Guid(199801aefd4903740ad238074fb643c9) Importer(815301076,1909f56bfc062723c751e8b465ee728b)  -> (artifact id: '161bc539e9b162e6cd5797019b0fe999') in 0.387739 seconds 
========================================================================
Received Import Request.
  Time since last request: 10.667027 seconds.
  path: Assets/Materials
  artifactKey: Guid(1a552a133931e494b915fa4d03f2c225) Importer(815301076,1909f56bfc062723c751e8b465ee728b)
Start importing Assets/Materials using Guid(1a552a133931e494b915fa4d03f2c225) Importer(815301076,1909f56bfc062723c751e8b465ee728b)  -> (artifact id: '559a046e6e3a1d7b783316539e3ddb2f') in 0.039533 seconds 
========================================================================
Received Import Request.
  Time since last request: 5.492887 seconds.
  path: Assets/Materials/New Flare.flare
  artifactKey: Guid(d0c6f72690e484d42a4aa5e769a53b42) Importer(815301076,1909f56bfc062723c751e8b465ee728b)
Start importing Assets/Materials/New Flare.flare using Guid(d0c6f72690e484d42a4aa5e769a53b42) Importer(815301076,1909f56bfc062723c751e8b465ee728b)  -> (artifact id: 'ba24289bcdf1bdaf51e3142420c76a4b') in 0.090306 seconds 
========================================================================
Received Import Request.
  Time since last request: 7.739839 seconds.
  path: Assets/Materials/Gracz.mat
  artifactKey: Guid(a5a2d8d3a20f427479cf010207b58db2) Importer(815301076,1909f56bfc062723c751e8b465ee728b)
Start importing Assets/Materials/Gracz.mat using Guid(a5a2d8d3a20f427479cf010207b58db2) Importer(815301076,1909f56bfc062723c751e8b465ee728b)  -> (artifact id: '1b88d8228ce3b054bf0b2f7f7f8382c1') in 0.047855 seconds 
========================================================================
Received Import Request.
  Time since last request: 122.665474 seconds.
  path: Assets/Code
  artifactKey: Guid(ffe81909b5a255347b1aa1c63ba5d992) Importer(815301076,1909f56bfc062723c751e8b465ee728b)
Start importing Assets/Code using Guid(ffe81909b5a255347b1aa1c63ba5d992) Importer(815301076,1909f56bfc062723c751e8b465ee728b)  -> (artifact id: 'c5e105eb0d80b3c799ea4f64cb006172') in 0.007617 seconds 
========================================================================
Received Import Request.
  Time since last request: 7.975909 seconds.
  path: Assets/Code/Movement.cs
  artifactKey: Guid(00f9c5abfc9ba1f4eabadbfd7da19904) Importer(815301076,1909f56bfc062723c751e8b465ee728b)
Start importing Assets/Code/Movement.cs using Guid(00f9c5abfc9ba1f4eabadbfd7da19904) Importer(815301076,1909f56bfc062723c751e8b465ee728b)  -> (artifact id: '0adaa7aab735cb5d3b80509bfea27b17') in 0.374432 seconds 
========================================================================
Received Prepare
Registering precompiled user dll's ...
Registered in 0.003981 seconds.
Begin MonoManager ReloadAssembly
Native extension for LinuxStandalone target not found
Native extension for WindowsStandalone target not found
Native extension for OSXStandalone target not found
Native extension for WebGL target not found
Refreshing native plugins compatible for Editor in 0.61 ms, found 1 plugins.
Preloading 0 native plugins for Editor in 0.00 ms.
Mono: successfully reloaded assembly
- Completed reload, in  1.185 seconds
Platform modules already initialized, skipping
Refreshing native plugins compatible for Editor in 0.59 ms, found 1 plugins.
Preloading 0 native plugins for Editor in 0.00 ms.
Unloading 2661 Unused Serialized files (Serialized files now loaded: 0)
System memory in use before: 102.0 MB.
System memory in use after: 102.2 MB.

Unloading 10 unused Assets to reduce memory usage. Loaded Objects now: 3161.
Total: 4.558200 ms (FindLiveObjects: 0.478000 ms CreateObjectMapping: 0.265300 ms MarkObjects: 3.735100 ms  DeleteObjects: 0.077600 ms)

========================================================================
Received Import Request.
  Time since last request: 46.550943 seconds.
  path: Assets/Code/Meta.cs
  artifactKey: Guid(2978a1cf3e62a924aae2502e854d84b1) Importer(815301076,1909f56bfc062723c751e8b465ee728b)
Start importing Assets/Code/Meta.cs using Guid(2978a1cf3e62a924aae2502e854d84b1) Importer(815301076,1909f56bfc062723c751e8b465ee728b)  -> (artifact id: '7459745cf67c58e2faada8aead69400a') in 0.012240 seconds 
========================================================================
Received Prepare
Registering precompiled user dll's ...
Registered in 0.003820 seconds.
Begin MonoManager ReloadAssembly
Native extension for LinuxStandalone target not found
Native extension for WindowsStandalone target not found
Native extension for OSXStandalone target not found
Native extension for WebGL target not found
Refreshing native plugins compatible for Editor in 0.56 ms, found 1 plugins.
Preloading 0 native plugins for Editor in 0.00 ms.
Mono: successfully reloaded assembly
- Completed reload, in  1.268 seconds
Platform modules already initialized, skipping
Refreshing native plugins compatible for Editor in 0.84 ms, found 1 plugins.
Preloading 0 native plugins for Editor in 0.00 ms.
Unloading 2662 Unused Serialized files (Serialized files now loaded: 0)
System memory in use before: 102.1 MB.
System memory in use after: 102.2 MB.

Unloading 10 unused Assets to reduce memory usage. Loaded Objects now: 3165.
Total: 2.613200 ms (FindLiveObjects: 0.263900 ms CreateObjectMapping: 0.177000 ms MarkObjects: 2.105800 ms  DeleteObjects: 0.064900 ms)

========================================================================
Received Import Request.
  Time since last request: 19.863827 seconds.
  path: Assets/Scenes
  artifactKey: Guid(e416bfa2614d21a40857be53248526d0) Importer(815301076,1909f56bfc062723c751e8b465ee728b)
Start importing Assets/Scenes using Guid(e416bfa2614d21a40857be53248526d0) Importer(815301076,1909f56bfc062723c751e8b465ee728b)  -> (artifact id: '31020f48e9300e69680ce036e7c02c1b') in 0.041135 seconds 
========================================================================
Received Import Request.
  Time since last request: 1.799803 seconds.
  path: Assets/Scenes/SampleScene.unity
  artifactKey: Guid(9fc0d4010bbf28b4594072e72b8655ab) Importer(815301076,1909f56bfc062723c751e8b465ee728b)
Start importing Assets/Scenes/SampleScene.unity using Guid(9fc0d4010bbf28b4594072e72b8655ab) Importer(815301076,1909f56bfc062723c751e8b465ee728b)  -> (artifact id: '8be264b5a186495646be0cf044d7331a') in 0.045050 seconds 
========================================================================
Received Import Request.
  Time since last request: 5.422270 seconds.
  path: Assets/Scenes/Gra.unity
  artifactKey: Guid(9fc0d4010bbf28b4594072e72b8655ab) Importer(815301076,1909f56bfc062723c751e8b465ee728b)
Start importing Assets/Scenes/Gra.unity using Guid(9fc0d4010bbf28b4594072e72b8655ab) Importer(815301076,1909f56bfc062723c751e8b465ee728b)  -> (artifact id: 'dbc4853c15d0d4bd9a0fd87f10d4142a') in 0.009168 seconds 
========================================================================
Received Import Request.
  Time since last request: 19.281008 seconds.
  path: Assets/Scenes/MainMenu.unity
  artifactKey: Guid(b15c641e065ed67438e159bfa08f8582) Importer(815301076,1909f56bfc062723c751e8b465ee728b)
Start importing Assets/Scenes/MainMenu.unity using Guid(b15c641e065ed67438e159bfa08f8582) Importer(815301076,1909f56bfc062723c751e8b465ee728b)  -> (artifact id: '8bb95cf9b483b711c03709a72e1c0b74') in 0.034778 seconds 
========================================================================
Received Import Request.
  Time since last request: 8.121619 seconds.
  path: Assets/Scenes/New Scene.unity
  artifactKey: Guid(1a57ed97a55dea24db2285e38c292b6e) Importer(815301076,1909f56bfc062723c751e8b465ee728b)
Start importing Assets/Scenes/New Scene.unity using Guid(1a57ed97a55dea24db2285e38c292b6e) Importer(815301076,1909f56bfc062723c751e8b465ee728b)  -> (artifact id: 'e03e355d0ac6b4323ca1c0c146bb9523') in 0.033946 seconds 
========================================================================
Received Prepare
Registering precompiled user dll's ...
Registered in 0.005050 seconds.
Begin MonoManager ReloadAssembly
Native extension for LinuxStandalone target not found
Native extension for WindowsStandalone target not found
Native extension for OSXStandalone target not found
Native extension for WebGL target not found
Refreshing native plugins compatible for Editor in 0.66 ms, found 1 plugins.
Preloading 0 native plugins for Editor in 0.00 ms.
Mono: successfully reloaded assembly
- Completed reload, in  1.642 seconds
Platform modules already initialized, skipping
Refreshing native plugins compatible for Editor in 0.62 ms, found 1 plugins.
Preloading 0 native plugins for Editor in 0.00 ms.
Unloading 2675 Unused Serialized files (Serialized files now loaded: 0)
System memory in use before: 104.1 MB.
System memory in use after: 103.7 MB.

Unloading 23 unused Assets to reduce memory usage. Loaded Objects now: 3168.
Total: 4.024200 ms (FindLiveObjects: 0.349300 ms CreateObjectMapping: 0.216500 ms MarkObjects: 3.062100 ms  DeleteObjects: 0.393600 ms)

========================================================================
Received Import Request.
  Time since last request: 1012.714877 seconds.
  path: Assets/Code/Meta.cs
  artifactKey: Guid(2978a1cf3e62a924aae2502e854d84b1) Importer(815301076,1909f56bfc062723c751e8b465ee728b)
Start importing Assets/Code/Meta.cs using Guid(2978a1cf3e62a924aae2502e854d84b1) Importer(815301076,1909f56bfc062723c751e8b465ee728b)  -> (artifact id: '3b280aff55b19a3efaec3de831dc63ce') in 0.014523 seconds 
========================================================================
Received Import Request.
  Time since last request: 5.318768 seconds.
  path: ProjectSettings/TagManager.asset
  artifactKey: Guid(00000000000000003000000000000000) Importer(815301076,1909f56bfc062723c751e8b465ee728b)
Start importing ProjectSettings/TagManager.asset using Guid(00000000000000003000000000000000) Importer(815301076,1909f56bfc062723c751e8b465ee728b)  -> (artifact id: '89d9204859c89940a7117b129c21fcab') in 0.059362 seconds 
========================================================================
Received Prepare
Registering precompiled user dll's ...
Registered in 0.005990 seconds.
Begin MonoManager ReloadAssembly
Native extension for LinuxStandalone target not found
Native extension for WindowsStandalone target not found
Native extension for OSXStandalone target not found
Native extension for WebGL target not found
Refreshing native plugins compatible for Editor in 0.72 ms, found 1 plugins.
Preloading 0 native plugins for Editor in 0.00 ms.
Mono: successfully reloaded assembly
- Completed reload, in  1.382 seconds
Platform modules already initialized, skipping
Refreshing native plugins compatible for Editor in 1.01 ms, found 1 plugins.
Preloading 0 native plugins for Editor in 0.00 ms.
Unloading 2675 Unused Serialized files (Serialized files now loaded: 0)
System memory in use before: 104.1 MB.
System memory in use after: 103.7 MB.

Unloading 24 unused Assets to reduce memory usage. Loaded Objects now: 3171.
Total: 4.222400 ms (FindLiveObjects: 0.314400 ms CreateObjectMapping: 0.250700 ms MarkObjects: 3.169900 ms  DeleteObjects: 0.485200 ms)

========================================================================
Received Import Request.
  Time since last request: 468.059986 seconds.
  path: Assets/Code/Meta.cs
  artifactKey: Guid(2978a1cf3e62a924aae2502e854d84b1) Importer(815301076,1909f56bfc062723c751e8b465ee728b)
Start importing Assets/Code/Meta.cs using Guid(2978a1cf3e62a924aae2502e854d84b1) Importer(815301076,1909f56bfc062723c751e8b465ee728b)  -> (artifact id: '4c37401f88b81627a474e18f032d81b4') in 0.010544 seconds 
========================================================================
Received Prepare
Registering precompiled user dll's ...
Registered in 0.004892 seconds.
Begin MonoManager ReloadAssembly
Native extension for LinuxStandalone target not found
Native extension for WindowsStandalone target not found
Native extension for OSXStandalone target not found
Native extension for WebGL target not found
Refreshing native plugins compatible for Editor in 0.61 ms, found 1 plugins.
Preloading 0 native plugins for Editor in 0.00 ms.
Mono: successfully reloaded assembly
- Completed reload, in  1.359 seconds
Platform modules already initialized, skipping
Refreshing native plugins compatible for Editor in 0.96 ms, found 1 plugins.
Preloading 0 native plugins for Editor in 0.00 ms.
Unloading 2675 Unused Serialized files (Serialized files now loaded: 0)
System memory in use before: 104.1 MB.
System memory in use after: 103.7 MB.

Unloading 23 unused Assets to reduce memory usage. Loaded Objects now: 3174.
Total: 4.231500 ms (FindLiveObjects: 0.481900 ms CreateObjectMapping: 0.294400 ms MarkObjects: 2.904400 ms  DeleteObjects: 0.548000 ms)

========================================================================
Received Prepare
Registering precompiled user dll's ...
Registered in 0.004313 seconds.
Begin MonoManager ReloadAssembly
Native extension for LinuxStandalone target not found
Native extension for WindowsStandalone target not found
Native extension for OSXStandalone target not found
Native extension for WebGL target not found
Refreshing native plugins compatible for Editor in 1.02 ms, found 1 plugins.
Preloading 0 native plugins for Editor in 0.00 ms.
Mono: successfully reloaded assembly
- Completed reload, in  1.246 seconds
Platform modules already initialized, skipping
Refreshing native plugins compatible for Editor in 0.79 ms, found 1 plugins.
Preloading 0 native plugins for Editor in 0.00 ms.
Unloading 2675 Unused Serialized files (Serialized files now loaded: 0)
System memory in use before: 104.1 MB.
System memory in use after: 103.7 MB.

Unloading 23 unused Assets to reduce memory usage. Loaded Objects now: 3177.
Total: 4.404800 ms (FindLiveObjects: 0.295800 ms CreateObjectMapping: 0.215900 ms MarkObjects: 3.404200 ms  DeleteObjects: 0.486200 ms)

========================================================================
Received Prepare
Registering precompiled user dll's ...
Registered in 0.004887 seconds.
Begin MonoManager ReloadAssembly
Native extension for LinuxStandalone target not found
Native extension for WindowsStandalone target not found
Native extension for OSXStandalone target not found
Native extension for WebGL target not found
Refreshing native plugins compatible for Editor in 0.62 ms, found 1 plugins.
Preloading 0 native plugins for Editor in 0.00 ms.
Mono: successfully reloaded assembly
- Completed reload, in  1.297 seconds
Platform modules already initialized, skipping
Refreshing native plugins compatible for Editor in 0.86 ms, found 1 plugins.
Preloading 0 native plugins for Editor in 0.00 ms.
Unloading 2675 Unused Serialized files (Serialized files now loaded: 0)
System memory in use before: 104.1 MB.
System memory in use after: 103.7 MB.

Unloading 23 unused Assets to reduce memory usage. Loaded Objects now: 3180.
Total: 3.686600 ms (FindLiveObjects: 0.426600 ms CreateObjectMapping: 0.281200 ms MarkObjects: 2.430900 ms  DeleteObjects: 0.545500 ms)

========================================================================
Received Prepare
Registering precompiled user dll's ...
Registered in 0.005723 seconds.
Begin MonoManager ReloadAssembly
Native extension for LinuxStandalone target not found
Native extension for WindowsStandalone target not found
Native extension for OSXStandalone target not found
Native extension for WebGL target not found
Refreshing native plugins compatible for Editor in 0.55 ms, found 1 plugins.
Preloading 0 native plugins for Editor in 0.00 ms.
Mono: successfully reloaded assembly
- Completed reload, in  1.234 seconds
Platform modules already initialized, skipping
Refreshing native plugins compatible for Editor in 1.19 ms, found 1 plugins.
Preloading 0 native plugins for Editor in 0.00 ms.
Unloading 2675 Unused Serialized files (Serialized files now loaded: 0)
System memory in use before: 104.2 MB.
System memory in use after: 103.7 MB.

Unloading 23 unused Assets to reduce memory usage. Loaded Objects now: 3183.
Total: 3.720500 ms (FindLiveObjects: 0.562900 ms CreateObjectMapping: 0.388000 ms MarkObjects: 2.387900 ms  DeleteObjects: 0.379400 ms)

========================================================================
Received Prepare
Registering precompiled user dll's ...
Registered in 0.005363 seconds.
Begin MonoManager ReloadAssembly
Native extension for LinuxStandalone target not found
Native extension for WindowsStandalone target not found
Native extension for OSXStandalone target not found
Native extension for WebGL target not found
Refreshing native plugins compatible for Editor in 0.63 ms, found 1 plugins.
Preloading 0 native plugins for Editor in 0.00 ms.
Mono: successfully reloaded assembly
- Completed reload, in  1.524 seconds
Platform modules already initialized, skipping
Refreshing native plugins compatible for Editor in 0.76 ms, found 1 plugins.
Preloading 0 native plugins for Editor in 0.00 ms.
Unloading 2675 Unused Serialized files (Serialized files now loaded: 0)
System memory in use before: 104.2 MB.
System memory in use after: 103.7 MB.

Unloading 23 unused Assets to reduce memory usage. Loaded Objects now: 3186.
Total: 4.886300 ms (FindLiveObjects: 0.398500 ms CreateObjectMapping: 0.230900 ms MarkObjects: 3.721100 ms  DeleteObjects: 0.533700 ms)

========================================================================
Received Prepare
Registering precompiled user dll's ...
Registered in 0.004758 seconds.
Begin MonoManager ReloadAssembly
Native extension for LinuxStandalone target not found
Native extension for WindowsStandalone target not found
Native extension for OSXStandalone target not found
Native extension for WebGL target not found
Refreshing native plugins compatible for Editor in 0.60 ms, found 1 plugins.
Preloading 0 native plugins for Editor in 0.00 ms.
Mono: successfully reloaded assembly
- Completed reload, in  1.421 seconds
Platform modules already initialized, skipping
Refreshing native plugins compatible for Editor in 0.63 ms, found 1 plugins.
Preloading 0 native plugins for Editor in 0.00 ms.
Unloading 2675 Unused Serialized files (Serialized files now loaded: 0)
System memory in use before: 104.2 MB.
System memory in use after: 103.7 MB.

Unloading 23 unused Assets to reduce memory usage. Loaded Objects now: 3189.
Total: 3.049000 ms (FindLiveObjects: 0.280700 ms CreateObjectMapping: 0.175700 ms MarkObjects: 2.235300 ms  DeleteObjects: 0.355700 ms)

========================================================================
Received Prepare
Registering precompiled user dll's ...
Registered in 0.003967 seconds.
Begin MonoManager ReloadAssembly
Native extension for LinuxStandalone target not found
Native extension for WindowsStandalone target not found
Native extension for OSXStandalone target not found
Native extension for WebGL target not found
Refreshing native plugins compatible for Editor in 0.54 ms, found 1 plugins.
Preloading 0 native plugins for Editor in 0.00 ms.
Mono: successfully reloaded assembly
- Completed reload, in  1.172 seconds
Platform modules already initialized, skipping
Refreshing native plugins compatible for Editor in 0.52 ms, found 1 plugins.
Preloading 0 native plugins for Editor in 0.00 ms.
Unloading 2675 Unused Serialized files (Serialized files now loaded: 0)
System memory in use before: 104.2 MB.
System memory in use after: 103.7 MB.

Unloading 23 unused Assets to reduce memory usage. Loaded Objects now: 3192.
Total: 3.066300 ms (FindLiveObjects: 0.291500 ms CreateObjectMapping: 0.200500 ms MarkObjects: 2.216300 ms  DeleteObjects: 0.356600 ms)

========================================================================
Received Prepare
Registering precompiled user dll's ...
Registered in 0.005061 seconds.
Begin MonoManager ReloadAssembly
Native extension for LinuxStandalone target not found
Native extension for WindowsStandalone target not found
Native extension for OSXStandalone target not found
Native extension for WebGL target not found
Refreshing native plugins compatible for Editor in 0.65 ms, found 1 plugins.
Preloading 0 native plugins for Editor in 0.00 ms.
Mono: successfully reloaded assembly
- Completed reload, in  1.425 seconds
Platform modules already initialized, skipping
Refreshing native plugins compatible for Editor in 0.99 ms, found 1 plugins.
Preloading 0 native plugins for Editor in 0.00 ms.
Unloading 2675 Unused Serialized files (Serialized files now loaded: 0)
System memory in use before: 104.2 MB.
System memory in use after: 103.7 MB.

Unloading 23 unused Assets to reduce memory usage. Loaded Objects now: 3195.
Total: 5.664400 ms (FindLiveObjects: 0.423000 ms CreateObjectMapping: 0.272700 ms MarkObjects: 4.223000 ms  DeleteObjects: 0.743200 ms)

========================================================================
Received Prepare
Registering precompiled user dll's ...
Registered in 0.004670 seconds.
Begin MonoManager ReloadAssembly
Native extension for LinuxStandalone target not found
Native extension for WindowsStandalone target not found
Native extension for OSXStandalone target not found
Native extension for WebGL target not found
Refreshing native plugins compatible for Editor in 0.63 ms, found 1 plugins.
Preloading 0 native plugins for Editor in 0.00 ms.
Mono: successfully reloaded assembly
- Completed reload, in  1.373 seconds
Platform modules already initialized, skipping
Refreshing native plugins compatible for Editor in 0.61 ms, found 1 plugins.
Preloading 0 native plugins for Editor in 0.00 ms.
Unloading 2675 Unused Serialized files (Serialized files now loaded: 0)
System memory in use before: 104.2 MB.
System memory in use after: 103.7 MB.

Unloading 23 unused Assets to reduce memory usage. Loaded Objects now: 3198.
Total: 4.474500 ms (FindLiveObjects: 0.322400 ms CreateObjectMapping: 0.209600 ms MarkObjects: 3.463400 ms  DeleteObjects: 0.477300 ms)

========================================================================
Received Prepare
Registering precompiled user dll's ...
Registered in 0.004964 seconds.
Begin MonoManager ReloadAssembly
Native extension for LinuxStandalone target not found
Native extension for WindowsStandalone target not found
Native extension for OSXStandalone target not found
Native extension for WebGL target not found
Refreshing native plugins compatible for Editor in 0.62 ms, found 1 plugins.
Preloading 0 native plugins for Editor in 0.00 ms.
Mono: successfully reloaded assembly
- Completed reload, in  1.334 seconds
Platform modules already initialized, skipping
Refreshing native plugins compatible for Editor in 1.04 ms, found 1 plugins.
Preloading 0 native plugins for Editor in 0.00 ms.
Unloading 2675 Unused Serialized files (Serialized files now loaded: 0)
System memory in use before: 104.2 MB.
System memory in use after: 103.7 MB.

Unloading 23 unused Assets to reduce memory usage. Loaded Objects now: 3201.
Total: 5.013600 ms (FindLiveObjects: 0.451000 ms CreateObjectMapping: 0.426700 ms MarkObjects: 3.665200 ms  DeleteObjects: 0.468500 ms)

========================================================================
Received Prepare
Registering precompiled user dll's ...
Registered in 0.004479 seconds.
Begin MonoManager ReloadAssembly
Native extension for LinuxStandalone target not found
Native extension for WindowsStandalone target not found
Native extension for OSXStandalone target not found
Native extension for WebGL target not found
Refreshing native plugins compatible for Editor in 0.57 ms, found 1 plugins.
Preloading 0 native plugins for Editor in 0.00 ms.
Mono: successfully reloaded assembly
- Completed reload, in  1.148 seconds
Platform modules already initialized, skipping
Refreshing native plugins compatible for Editor in 1.01 ms, found 1 plugins.
Preloading 0 native plugins for Editor in 0.00 ms.
Unloading 2675 Unused Serialized files (Serialized files now loaded: 0)
System memory in use before: 104.2 MB.
System memory in use after: 103.8 MB.

Unloading 23 unused Assets to reduce memory usage. Loaded Objects now: 3204.
Total: 2.888900 ms (FindLiveObjects: 0.402500 ms CreateObjectMapping: 0.153500 ms MarkObjects: 2.003500 ms  DeleteObjects: 0.327900 ms)

========================================================================
Received Prepare
Registering precompiled user dll's ...
Registered in 0.007793 seconds.
Begin MonoManager ReloadAssembly
Native extension for LinuxStandalone target not found
Native extension for WindowsStandalone target not found
Native extension for OSXStandalone target not found
Native extension for WebGL target not found
Refreshing native plugins compatible for Editor in 0.85 ms, found 1 plugins.
Preloading 0 native plugins for Editor in 0.00 ms.
Mono: successfully reloaded assembly
- Completed reload, in  2.905 seconds
Platform modules already initialized, skipping
Refreshing native plugins compatible for Editor in 1.25 ms, found 1 plugins.
Preloading 0 native plugins for Editor in 0.00 ms.
Unloading 2675 Unused Serialized files (Serialized files now loaded: 0)
System memory in use before: 104.2 MB.
System memory in use after: 103.8 MB.

Unloading 23 unused Assets to reduce memory usage. Loaded Objects now: 3207.
Total: 5.017300 ms (FindLiveObjects: 0.459000 ms CreateObjectMapping: 0.330600 ms MarkObjects: 3.751700 ms  DeleteObjects: 0.473600 ms)

========================================================================
Received Prepare
Registering precompiled user dll's ...
Registered in 0.006761 seconds.
Begin MonoManager ReloadAssembly
Native extension for LinuxStandalone target not found
Native extension for WindowsStandalone target not found
Native extension for OSXStandalone target not found
Native extension for WebGL target not found
Refreshing native plugins compatible for Editor in 2.15 ms, found 1 plugins.
Preloading 0 native plugins for Editor in 0.00 ms.
Mono: successfully reloaded assembly
- Completed reload, in  3.978 seconds
Platform modules already initialized, skipping
Refreshing native plugins compatible for Editor in 1.24 ms, found 1 plugins.
Preloading 0 native plugins for Editor in 0.00 ms.
Unloading 2675 Unused Serialized files (Serialized files now loaded: 0)
System memory in use before: 104.2 MB.
System memory in use after: 103.8 MB.

Unloading 23 unused Assets to reduce memory usage. Loaded Objects now: 3210.
Total: 5.762000 ms (FindLiveObjects: 0.576800 ms CreateObjectMapping: 0.629100 ms MarkObjects: 3.930300 ms  DeleteObjects: 0.622400 ms)

========================================================================
Received Prepare
Registering precompiled user dll's ...
Registered in 0.008012 seconds.
Begin MonoManager ReloadAssembly
Native extension for LinuxStandalone target not found
Native extension for WindowsStandalone target not found
Native extension for OSXStandalone target not found
Native extension for WebGL target not found
Refreshing native plugins compatible for Editor in 0.80 ms, found 1 plugins.
Preloading 0 native plugins for Editor in 0.00 ms.
Mono: successfully reloaded assembly
- Completed reload, in  2.110 seconds
Platform modules already initialized, skipping
Refreshing native plugins compatible for Editor in 0.68 ms, found 1 plugins.
Preloading 0 native plugins for Editor in 0.00 ms.
Unloading 2675 Unused Serialized files (Serialized files now loaded: 0)
System memory in use before: 104.2 MB.
System memory in use after: 103.8 MB.

Unloading 23 unused Assets to reduce memory usage. Loaded Objects now: 3213.
Total: 5.150400 ms (FindLiveObjects: 0.360500 ms CreateObjectMapping: 0.292700 ms MarkObjects: 4.039800 ms  DeleteObjects: 0.455300 ms)

========================================================================
Received Prepare
Registering precompiled user dll's ...
Registered in 0.005546 seconds.
Begin MonoManager ReloadAssembly
Native extension for LinuxStandalone target not found
Native extension for WindowsStandalone target not found
Native extension for OSXStandalone target not found
Native extension for WebGL target not found
Refreshing native plugins compatible for Editor in 0.70 ms, found 1 plugins.
Preloading 0 native plugins for Editor in 0.00 ms.
Mono: successfully reloaded assembly
- Completed reload, in  1.611 seconds
Platform modules already initialized, skipping
Refreshing native plugins compatible for Editor in 0.66 ms, found 1 plugins.
Preloading 0 native plugins for Editor in 0.00 ms.
Unloading 2675 Unused Serialized files (Serialized files now loaded: 0)
System memory in use before: 104.2 MB.
System memory in use after: 103.8 MB.

Unloading 23 unused Assets to reduce memory usage. Loaded Objects now: 3216.
Total: 3.124900 ms (FindLiveObjects: 0.288700 ms CreateObjectMapping: 0.196800 ms MarkObjects: 2.246400 ms  DeleteObjects: 0.390900 ms)

========================================================================
Received Prepare
Registering precompiled user dll's ...
Registered in 0.004158 seconds.
Begin MonoManager ReloadAssembly
Native extension for LinuxStandalone target not found
Native extension for WindowsStandalone target not found
Native extension for OSXStandalone target not found
Native extension for WebGL target not found
Refreshing native plugins compatible for Editor in 0.55 ms, found 1 plugins.
Preloading 0 native plugins for Editor in 0.00 ms.
Mono: successfully reloaded assembly
- Completed reload, in  1.125 seconds
Platform modules already initialized, skipping
Refreshing native plugins compatible for Editor in 1.17 ms, found 1 plugins.
Preloading 0 native plugins for Editor in 0.00 ms.
Unloading 2675 Unused Serialized files (Serialized files now loaded: 0)
System memory in use before: 104.2 MB.
System memory in use after: 103.8 MB.

Unloading 23 unused Assets to reduce memory usage. Loaded Objects now: 3219.
Total: 4.958300 ms (FindLiveObjects: 0.541000 ms CreateObjectMapping: 0.292400 ms MarkObjects: 3.606400 ms  DeleteObjects: 0.515300 ms)

========================================================================
Received Prepare
Registering precompiled user dll's ...
Registered in 0.004816 seconds.
Begin MonoManager ReloadAssembly
Native extension for LinuxStandalone target not found
Native extension for WindowsStandalone target not found
Native extension for OSXStandalone target not found
Native extension for WebGL target not found
Refreshing native plugins compatible for Editor in 0.64 ms, found 1 plugins.
Preloading 0 native plugins for Editor in 0.00 ms.
Mono: successfully reloaded assembly
- Completed reload, in  1.297 seconds
Platform modules already initialized, skipping
Refreshing native plugins compatible for Editor in 0.71 ms, found 1 plugins.
Preloading 0 native plugins for Editor in 0.00 ms.
Unloading 2675 Unused Serialized files (Serialized files now loaded: 0)
System memory in use before: 104.2 MB.
System memory in use after: 103.8 MB.

Unloading 23 unused Assets to reduce memory usage. Loaded Objects now: 3222.
Total: 3.281400 ms (FindLiveObjects: 0.305600 ms CreateObjectMapping: 0.195100 ms MarkObjects: 2.420100 ms  DeleteObjects: 0.358800 ms)

========================================================================
Received Prepare
Registering precompiled user dll's ...
Registered in 0.004404 seconds.
Begin MonoManager ReloadAssembly
Native extension for LinuxStandalone target not found
Native extension for WindowsStandalone target not found
Native extension for OSXStandalone target not found
Native extension for WebGL target not found
Refreshing native plugins compatible for Editor in 1.02 ms, found 1 plugins.
Preloading 0 native plugins for Editor in 0.00 ms.
Mono: successfully reloaded assembly
- Completed reload, in  1.109 seconds
Platform modules already initialized, skipping
Refreshing native plugins compatible for Editor in 1.03 ms, found 1 plugins.
Preloading 0 native plugins for Editor in 0.00 ms.
Unloading 2675 Unused Serialized files (Serialized files now loaded: 0)
System memory in use before: 104.2 MB.
System memory in use after: 103.8 MB.

Unloading 23 unused Assets to reduce memory usage. Loaded Objects now: 3225.
Total: 3.698400 ms (FindLiveObjects: 0.425500 ms CreateObjectMapping: 0.254300 ms MarkObjects: 2.644800 ms  DeleteObjects: 0.372200 ms)

========================================================================
Received Prepare
Registering precompiled user dll's ...
Registered in 0.007223 seconds.
Begin MonoManager ReloadAssembly
Native extension for LinuxStandalone target not found
Native extension for WindowsStandalone target not found
Native extension for OSXStandalone target not found
Native extension for WebGL target not found
Refreshing native plugins compatible for Editor in 0.64 ms, found 1 plugins.
Preloading 0 native plugins for Editor in 0.00 ms.
Mono: successfully reloaded assembly
- Completed reload, in  1.616 seconds
Platform modules already initialized, skipping
Refreshing native plugins compatible for Editor in 0.65 ms, found 1 plugins.
Preloading 0 native plugins for Editor in 0.00 ms.
Unloading 2675 Unused Serialized files (Serialized files now loaded: 0)
System memory in use before: 104.2 MB.
System memory in use after: 103.8 MB.

Unloading 23 unused Assets to reduce memory usage. Loaded Objects now: 3228.
Total: 3.047700 ms (FindLiveObjects: 0.289500 ms CreateObjectMapping: 0.188400 ms MarkObjects: 2.213800 ms  DeleteObjects: 0.354300 ms)

========================================================================
Received Prepare
Registering precompiled user dll's ...
Registered in 0.005153 seconds.
Begin MonoManager ReloadAssembly
Native extension for LinuxStandalone target not found
Native extension for WindowsStandalone target not found
Native extension for OSXStandalone target not found
Native extension for WebGL target not found
Refreshing native plugins compatible for Editor in 0.51 ms, found 1 plugins.
Preloading 0 native plugins for Editor in 0.00 ms.
Mono: successfully reloaded assembly
- Completed reload, in  1.121 seconds
Platform modules already initialized, skipping
Refreshing native plugins compatible for Editor in 0.63 ms, found 1 plugins.
Preloading 0 native plugins for Editor in 0.00 ms.
Unloading 2675 Unused Serialized files (Serialized files now loaded: 0)
System memory in use before: 104.3 MB.
System memory in use after: 103.8 MB.

Unloading 23 unused Assets to reduce memory usage. Loaded Objects now: 3231.
Total: 2.732600 ms (FindLiveObjects: 0.347100 ms CreateObjectMapping: 0.149700 ms MarkObjects: 1.895500 ms  DeleteObjects: 0.338700 ms)

========================================================================
Received Prepare
Registering precompiled user dll's ...
Registered in 0.004036 seconds.
Begin MonoManager ReloadAssembly
Native extension for LinuxStandalone target not found
Native extension for WindowsStandalone target not found
Native extension for OSXStandalone target not found
Native extension for WebGL target not found
Refreshing native plugins compatible for Editor in 0.81 ms, found 1 plugins.
Preloading 0 native plugins for Editor in 0.00 ms.
Mono: successfully reloaded assembly
- Completed reload, in  1.385 seconds
Platform modules already initialized, skipping
Refreshing native plugins compatible for Editor in 0.57 ms, found 1 plugins.
Preloading 0 native plugins for Editor in 0.00 ms.
Unloading 2675 Unused Serialized files (Serialized files now loaded: 0)
System memory in use before: 104.3 MB.
System memory in use after: 103.8 MB.

Unloading 23 unused Assets to reduce memory usage. Loaded Objects now: 3234.
Total: 2.689400 ms (FindLiveObjects: 0.263600 ms CreateObjectMapping: 0.134700 ms MarkObjects: 1.967500 ms  DeleteObjects: 0.322300 ms)

========================================================================
Received Prepare
Registering precompiled user dll's ...
Registered in 0.004844 seconds.
Begin MonoManager ReloadAssembly
Native extension for LinuxStandalone target not found
Native extension for WindowsStandalone target not found
Native extension for OSXStandalone target not found
Native extension for WebGL target not found
Refreshing native plugins compatible for Editor in 0.60 ms, found 1 plugins.
Preloading 0 native plugins for Editor in 0.00 ms.
Mono: successfully reloaded assembly
- Completed reload, in  1.373 seconds
Platform modules already initialized, skipping
Refreshing native plugins compatible for Editor in 0.60 ms, found 1 plugins.
Preloading 0 native plugins for Editor in 0.00 ms.
Unloading 2675 Unused Serialized files (Serialized files now loaded: 0)
System memory in use before: 104.3 MB.
System memory in use after: 103.8 MB.

Unloading 23 unused Assets to reduce memory usage. Loaded Objects now: 3237.
Total: 3.259500 ms (FindLiveObjects: 0.270200 ms CreateObjectMapping: 0.161700 ms MarkObjects: 2.476300 ms  DeleteObjects: 0.350300 ms)

========================================================================
Received Prepare
Registering precompiled user dll's ...
Registered in 0.004561 seconds.
Begin MonoManager ReloadAssembly
Native extension for LinuxStandalone target not found
Native extension for WindowsStandalone target not found
Native extension for OSXStandalone target not found
Native extension for WebGL target not found
Refreshing native plugins compatible for Editor in 0.55 ms, found 1 plugins.
Preloading 0 native plugins for Editor in 0.00 ms.
Mono: successfully reloaded assembly
- Completed reload, in  1.171 seconds
Platform modules already initialized, skipping
Refreshing native plugins compatible for Editor in 0.66 ms, found 1 plugins.
Preloading 0 native plugins for Editor in 0.00 ms.
Unloading 2675 Unused Serialized files (Serialized files now loaded: 0)
System memory in use before: 104.3 MB.
System memory in use after: 103.8 MB.

Unloading 23 unused Assets to reduce memory usage. Loaded Objects now: 3240.
Total: 3.002300 ms (FindLiveObjects: 0.282100 ms CreateObjectMapping: 0.174200 ms MarkObjects: 2.220900 ms  DeleteObjects: 0.323600 ms)

========================================================================
Received Prepare
Registering precompiled user dll's ...
Registered in 0.006684 seconds.
Begin MonoManager ReloadAssembly
Native extension for LinuxStandalone target not found
Native extension for WindowsStandalone target not found
Native extension for OSXStandalone target not found
Native extension for WebGL target not found
Refreshing native plugins compatible for Editor in 0.79 ms, found 1 plugins.
Preloading 0 native plugins for Editor in 0.00 ms.
Mono: successfully reloaded assembly
- Completed reload, in  1.697 seconds
Platform modules already initialized, skipping
Refreshing native plugins compatible for Editor in 0.95 ms, found 1 plugins.
Preloading 0 native plugins for Editor in 0.00 ms.
Unloading 2675 Unused Serialized files (Serialized files now loaded: 0)
System memory in use before: 104.3 MB.
System memory in use after: 103.8 MB.

Unloading 23 unused Assets to reduce memory usage. Loaded Objects now: 3243.
Total: 3.833900 ms (FindLiveObjects: 0.446000 ms CreateObjectMapping: 0.436300 ms MarkObjects: 2.443600 ms  DeleteObjects: 0.506300 ms)

========================================================================
Received Import Request.
  Time since last request: 3544.180537 seconds.
  path: Assets/TextMesh Pro/Resources/Style Sheets/Default Style Sheet.asset
  artifactKey: Guid(f952c082cb03451daed3ee968ac6c63e) Importer(815301076,1909f56bfc062723c751e8b465ee728b)
Start importing Assets/TextMesh Pro/Resources/Style Sheets/Default Style Sheet.asset using Guid(f952c082cb03451daed3ee968ac6c63e) Importer(815301076,1909f56bfc062723c751e8b465ee728b)  -> (artifact id: 'f22154d9cdf3d2d5e6eca8149010079e') in 0.049834 seconds 
========================================================================
Received Import Request.
  Time since last request: 0.000417 seconds.
  path: Assets/TextMesh Pro/Sprites/EmojiOne.png
  artifactKey: Guid(dffef66376be4fa480fb02b19edbe903) Importer(815301076,1909f56bfc062723c751e8b465ee728b)
Start importing Assets/TextMesh Pro/Sprites/EmojiOne.png using Guid(dffef66376be4fa480fb02b19edbe903) Importer(815301076,1909f56bfc062723c751e8b465ee728b)  -> (artifact id: 'a4c7ec432063d930a1b57da658353e14') in 0.268810 seconds 
========================================================================
Received Import Request.
  Time since last request: 0.000361 seconds.
  path: Assets/TextMesh Pro/Resources/Fonts & Materials/LiberationSans SDF - Outline.mat
  artifactKey: Guid(79459efec17a4d00a321bdcc27bbc385) Importer(815301076,1909f56bfc062723c751e8b465ee728b)
Start importing Assets/TextMesh Pro/Resources/Fonts & Materials/LiberationSans SDF - Outline.mat using Guid(79459efec17a4d00a321bdcc27bbc385) Importer(815301076,1909f56bfc062723c751e8b465ee728b)  -> (artifact id: '0cbb6ee35ef105d2ad5ab5826ddbcc7d') in 0.257338 seconds 
========================================================================
Received Import Request.
  Time since last request: 0.000303 seconds.
  path: Assets/TextMesh Pro/Resources/Fonts & Materials/LiberationSans SDF - Fallback.asset
  artifactKey: Guid(2e498d1c8094910479dc3e1b768306a4) Importer(815301076,1909f56bfc062723c751e8b465ee728b)
Start importing Assets/TextMesh Pro/Resources/Fonts & Materials/LiberationSans SDF - Fallback.asset using Guid(2e498d1c8094910479dc3e1b768306a4) Importer(815301076,1909f56bfc062723c751e8b465ee728b)  -> (artifact id: '913469edae42b859e9cbc74878ca3ac0') in 0.089330 seconds 
========================================================================
Received Import Request.
  Time since last request: 0.000268 seconds.
  path: Assets/TextMesh Pro/Fonts/LiberationSans.ttf
  artifactKey: Guid(e3265ab4bf004d28a9537516768c1c75) Importer(815301076,1909f56bfc062723c751e8b465ee728b)
Start importing Assets/TextMesh Pro/Fonts/LiberationSans.ttf using Guid(e3265ab4bf004d28a9537516768c1c75) Importer(815301076,1909f56bfc062723c751e8b465ee728b)  -> (artifact id: '6abd9faab1b2d6c3922d92ab060e83ee') in 0.170536 seconds 
========================================================================
Received Import Request.
  Time since last request: 0.000263 seconds.
  path: Assets/TextMesh Pro/Resources/Fonts & Materials/LiberationSans SDF - Drop Shadow.mat
  artifactKey: Guid(e73a58f6e2794ae7b1b7e50b7fb811b0) Importer(815301076,1909f56bfc062723c751e8b465ee728b)
Start importing Assets/TextMesh Pro/Resources/Fonts & Materials/LiberationSans SDF - Drop Shadow.mat using Guid(e73a58f6e2794ae7b1b7e50b7fb811b0) Importer(815301076,1909f56bfc062723c751e8b465ee728b)  -> (artifact id: '8aad7c9d0346964c34c5a007431de904') in 0.145136 seconds 
========================================================================
Received Import Request.
  Time since last request: 0.000338 seconds.
  path: Assets/TextMesh Pro/Resources/Fonts & Materials/LiberationSans SDF.asset
  artifactKey: Guid(8f586378b4e144a9851e7b34d9b748ee) Importer(815301076,1909f56bfc062723c751e8b465ee728b)
Start importing Assets/TextMesh Pro/Resources/Fonts & Materials/LiberationSans SDF.asset using Guid(8f586378b4e144a9851e7b34d9b748ee) Importer(815301076,1909f56bfc062723c751e8b465ee728b)  -> (artifact id: '4cd4c5e42fdc635574ab74d03c6c137b') in 0.091726 seconds 
========================================================================
Received Import Request.
  Time since last request: 0.000373 seconds.
  path: Assets/TextMesh Pro/Resources/Sprite Assets/EmojiOne.asset
  artifactKey: Guid(c41005c129ba4d66911b75229fd70b45) Importer(815301076,1909f56bfc062723c751e8b465ee728b)
Start importing Assets/TextMesh Pro/Resources/Sprite Assets/EmojiOne.asset using Guid(c41005c129ba4d66911b75229fd70b45) Importer(815301076,1909f56bfc062723c751e8b465ee728b)  -> (artifact id: '22eabdc707d69132f3050dc1fdbb7a40') in 0.048003 seconds 
========================================================================
Received Import Request.
  Time since last request: 0.000304 seconds.
  path: Assets/Materials/Gracz.mat
  artifactKey: Guid(a5a2d8d3a20f427479cf010207b58db2) Importer(815301076,1909f56bfc062723c751e8b465ee728b)
Start importing Assets/Materials/Gracz.mat using Guid(a5a2d8d3a20f427479cf010207b58db2) Importer(815301076,1909f56bfc062723c751e8b465ee728b)  -> (artifact id: '412adb3d4d66ba8cd839e98b06219766') in 0.042437 seconds 
========================================================================
Received Prepare
Registering precompiled user dll's ...
Registered in 0.006296 seconds.
Begin MonoManager ReloadAssembly
Native extension for LinuxStandalone target not found
Native extension for WindowsStandalone target not found
Native extension for OSXStandalone target not found
Native extension for WebGL target not found
Refreshing native plugins compatible for Editor in 0.63 ms, found 1 plugins.
Preloading 0 native plugins for Editor in 0.00 ms.
Mono: successfully reloaded assembly
- Completed reload, in  1.357 seconds
Platform modules already initialized, skipping
Refreshing native plugins compatible for Editor in 0.61 ms, found 1 plugins.
Preloading 0 native plugins for Editor in 0.00 ms.
Unloading 2679 Unused Serialized files (Serialized files now loaded: 0)
System memory in use before: 107.6 MB.
System memory in use after: 107.2 MB.

Unloading 22 unused Assets to reduce memory usage. Loaded Objects now: 3313.
Total: 3.287500 ms (FindLiveObjects: 0.282200 ms CreateObjectMapping: 0.166400 ms MarkObjects: 2.519500 ms  DeleteObjects: 0.318400 ms)

========================================================================
Received Import Request.
  Time since last request: 54.014946 seconds.
  path: Assets/Scenes/Gra.unity
  artifactKey: Guid(9fc0d4010bbf28b4594072e72b8655ab) Importer(815301076,1909f56bfc062723c751e8b465ee728b)
Start importing Assets/Scenes/Gra.unity using Guid(9fc0d4010bbf28b4594072e72b8655ab) Importer(815301076,1909f56bfc062723c751e8b465ee728b)  -> (artifact id: '6a3afaf6d3d0d64f909064595da0f098') in 0.020520 seconds 
========================================================================
Received Import Request.
  Time since last request: 29.920239 seconds.
  path: Assets/Code/Quit.cs
  artifactKey: Guid(b3e744513e1313e4b8acaaf4daa01578) Importer(815301076,1909f56bfc062723c751e8b465ee728b)
Start importing Assets/Code/Quit.cs using Guid(b3e744513e1313e4b8acaaf4daa01578) Importer(815301076,1909f56bfc062723c751e8b465ee728b)  -> (artifact id: '7f96ec3182c17c1a3455527baaf4461a') in 0.008923 seconds 
========================================================================
Received Prepare
Registering precompiled user dll's ...
Registered in 0.005884 seconds.
Begin MonoManager ReloadAssembly
Native extension for LinuxStandalone target not found
Native extension for WindowsStandalone target not found
Native extension for OSXStandalone target not found
Native extension for WebGL target not found
Refreshing native plugins compatible for Editor in 1.01 ms, found 1 plugins.
Preloading 0 native plugins for Editor in 0.00 ms.
Mono: successfully reloaded assembly
- Completed reload, in  1.511 seconds
Platform modules already initialized, skipping
Refreshing native plugins compatible for Editor in 0.96 ms, found 1 plugins.
Preloading 0 native plugins for Editor in 0.00 ms.
Unloading 2675 Unused Serialized files (Serialized files now loaded: 0)
System memory in use before: 107.4 MB.
System memory in use after: 107.0 MB.

Unloading 22 unused Assets to reduce memory usage. Loaded Objects now: 3317.
Total: 5.489900 ms (FindLiveObjects: 0.294500 ms CreateObjectMapping: 0.214900 ms MarkObjects: 4.488100 ms  DeleteObjects: 0.490900 ms)

========================================================================
Received Prepare
Registering precompiled user dll's ...
Registered in 0.005033 seconds.
Begin MonoManager ReloadAssembly
Native extension for LinuxStandalone target not found
Native extension for WindowsStandalone target not found
Native extension for OSXStandalone target not found
Native extension for WebGL target not found
Refreshing native plugins compatible for Editor in 0.62 ms, found 1 plugins.
Preloading 0 native plugins for Editor in 0.00 ms.
Mono: successfully reloaded assembly
- Completed reload, in  1.314 seconds
Platform modules already initialized, skipping
Refreshing native plugins compatible for Editor in 0.72 ms, found 1 plugins.
Preloading 0 native plugins for Editor in 0.00 ms.
Unloading 2675 Unused Serialized files (Serialized files now loaded: 0)
System memory in use before: 107.4 MB.
System memory in use after: 107.0 MB.

Unloading 22 unused Assets to reduce memory usage. Loaded Objects now: 3320.
Total: 4.584700 ms (FindLiveObjects: 0.420900 ms CreateObjectMapping: 0.237500 ms MarkObjects: 3.433800 ms  DeleteObjects: 0.490800 ms)

========================================================================
Received Prepare
Registering precompiled user dll's ...
Registered in 0.005596 seconds.
Begin MonoManager ReloadAssembly
Native extension for LinuxStandalone target not found
Native extension for WindowsStandalone target not found
Native extension for OSXStandalone target not found
Native extension for WebGL target not found
Refreshing native plugins compatible for Editor in 0.60 ms, found 1 plugins.
Preloading 0 native plugins for Editor in 0.00 ms.
Mono: successfully reloaded assembly
- Completed reload, in  1.390 seconds
Platform modules already initialized, skipping
Refreshing native plugins compatible for Editor in 0.74 ms, found 1 plugins.
Preloading 0 native plugins for Editor in 0.00 ms.
Unloading 2675 Unused Serialized files (Serialized files now loaded: 0)
System memory in use before: 107.4 MB.
System memory in use after: 107.0 MB.

Unloading 22 unused Assets to reduce memory usage. Loaded Objects now: 3323.
Total: 3.534100 ms (FindLiveObjects: 0.321000 ms CreateObjectMapping: 0.208400 ms MarkObjects: 2.637500 ms  DeleteObjects: 0.365700 ms)

========================================================================
Received Prepare
Registering precompiled user dll's ...
Registered in 0.004794 seconds.
Begin MonoManager ReloadAssembly
Native extension for LinuxStandalone target not found
Native extension for WindowsStandalone target not found
Native extension for OSXStandalone target not found
Native extension for WebGL target not found
Refreshing native plugins compatible for Editor in 0.62 ms, found 1 plugins.
Preloading 0 native plugins for Editor in 0.00 ms.
Mono: successfully reloaded assembly
- Completed reload, in  1.336 seconds
Platform modules already initialized, skipping
Refreshing native plugins compatible for Editor in 0.61 ms, found 1 plugins.
Preloading 0 native plugins for Editor in 0.00 ms.
Unloading 2675 Unused Serialized files (Serialized files now loaded: 0)
System memory in use before: 107.5 MB.
System memory in use after: 107.1 MB.

Unloading 22 unused Assets to reduce memory usage. Loaded Objects now: 3326.
Total: 3.218600 ms (FindLiveObjects: 0.301700 ms CreateObjectMapping: 0.187400 ms MarkObjects: 2.392800 ms  DeleteObjects: 0.335400 ms)

========================================================================
Received Prepare
Registering precompiled user dll's ...
Registered in 0.004064 seconds.
Begin MonoManager ReloadAssembly
Native extension for LinuxStandalone target not found
Native extension for WindowsStandalone target not found
Native extension for OSXStandalone target not found
Native extension for WebGL target not found
Refreshing native plugins compatible for Editor in 0.51 ms, found 1 plugins.
Preloading 0 native plugins for Editor in 0.00 ms.
Mono: successfully reloaded assembly
- Completed reload, in  1.212 seconds
Platform modules already initialized, skipping
Refreshing native plugins compatible for Editor in 0.60 ms, found 1 plugins.
Preloading 0 native plugins for Editor in 0.00 ms.
Unloading 2675 Unused Serialized files (Serialized files now loaded: 0)
System memory in use before: 107.5 MB.
System memory in use after: 107.1 MB.

Unloading 22 unused Assets to reduce memory usage. Loaded Objects now: 3329.
Total: 2.767100 ms (FindLiveObjects: 0.244000 ms CreateObjectMapping: 0.152000 ms MarkObjects: 1.929100 ms  DeleteObjects: 0.441300 ms)

========================================================================
Received Prepare
Registering precompiled user dll's ...
Registered in 0.009083 seconds.
Begin MonoManager ReloadAssembly
Native extension for LinuxStandalone target not found
Native extension for WindowsStandalone target not found
Native extension for OSXStandalone target not found
Native extension for WebGL target not found
Refreshing native plugins compatible for Editor in 2.48 ms, found 1 plugins.
Preloading 0 native plugins for Editor in 0.00 ms.
Mono: successfully reloaded assembly
- Completed reload, in  3.092 seconds
Platform modules already initialized, skipping
Refreshing native plugins compatible for Editor in 1.60 ms, found 1 plugins.
Preloading 0 native plugins for Editor in 0.00 ms.
Unloading 2675 Unused Serialized files (Serialized files now loaded: 0)
System memory in use before: 107.5 MB.
System memory in use after: 107.1 MB.

Unloading 22 unused Assets to reduce memory usage. Loaded Objects now: 3332.
Total: 4.687200 ms (FindLiveObjects: 0.352800 ms CreateObjectMapping: 0.298100 ms MarkObjects: 3.327600 ms  DeleteObjects: 0.706400 ms)

========================================================================
Received Prepare
Refreshing native plugins compatible for Editor in 4.35 ms, found 1 plugins.
Preloading 0 native plugins for Editor in 0.00 ms.
Unloading 20 Unused Serialized files (Serialized files now loaded: 0)
System memory in use before: 54.9 MB.
System memory in use after: 54.5 MB.

Unloading 20 unused Assets to reduce memory usage. Loaded Objects now: 3332.
Total: 4.083000 ms (FindLiveObjects: 0.389300 ms CreateObjectMapping: 0.219600 ms MarkObjects: 3.104400 ms  DeleteObjects: 0.367900 ms)

========================================================================
Received Prepare
Refreshing native plugins compatible for Editor in 4.30 ms, found 1 plugins.
Preloading 0 native plugins for Editor in 0.00 ms.
Unloading 20 Unused Serialized files (Serialized files now loaded: 0)
System memory in use before: 54.9 MB.
System memory in use after: 54.5 MB.

Unloading 20 unused Assets to reduce memory usage. Loaded Objects now: 3332.
Total: 6.900800 ms (FindLiveObjects: 0.689100 ms CreateObjectMapping: 0.319000 ms MarkObjects: 5.273000 ms  DeleteObjects: 0.616800 ms)

========================================================================
Received Prepare
Registering precompiled user dll's ...
Registered in 0.005193 seconds.
Begin MonoManager ReloadAssembly
Native extension for LinuxStandalone target not found
Native extension for WindowsStandalone target not found
Native extension for OSXStandalone target not found
Native extension for WebGL target not found
Refreshing native plugins compatible for Editor in 0.62 ms, found 1 plugins.
Preloading 0 native plugins for Editor in 0.00 ms.
Mono: successfully reloaded assembly
- Completed reload, in  2.164 seconds
Platform modules already initialized, skipping
Switching build target platform(19) subTarget(0) extendedPlatform(0) -> platform(21) subTarget(1) extendedPlatform(0)
Refreshing native plugins compatible for Editor in 0.70 ms, found 1 plugins.
Preloading 0 native plugins for Editor in 0.00 ms.
Unloading 2679 Unused Serialized files (Serialized files now loaded: 0)
System memory in use before: 107.5 MB.
System memory in use after: 107.1 MB.

Unloading 22 unused Assets to reduce memory usage. Loaded Objects now: 3335.
Total: 3.051300 ms (FindLiveObjects: 0.294200 ms CreateObjectMapping: 0.175800 ms MarkObjects: 2.238700 ms  DeleteObjects: 0.341400 ms)

========================================================================
Received Prepare
Refreshing native plugins compatible for Editor in 3.24 ms, found 1 plugins.
Preloading 0 native plugins for Editor in 0.00 ms.
Unloading 20 Unused Serialized files (Serialized files now loaded: 0)
System memory in use before: 54.8 MB.
System memory in use after: 54.4 MB.

Unloading 20 unused Assets to reduce memory usage. Loaded Objects now: 3335.
Total: 6.708600 ms (FindLiveObjects: 0.333400 ms CreateObjectMapping: 0.211200 ms MarkObjects: 5.276400 ms  DeleteObjects: 0.886200 ms)

========================================================================
Received Prepare
Refreshing native plugins compatible for Editor in 2.55 ms, found 1 plugins.
Preloading 0 native plugins for Editor in 0.00 ms.
Unloading 20 Unused Serialized files (Serialized files now loaded: 0)
System memory in use before: 54.8 MB.
System memory in use after: 54.4 MB.

Unloading 20 unused Assets to reduce memory usage. Loaded Objects now: 3335.
Total: 3.358900 ms (FindLiveObjects: 0.289600 ms CreateObjectMapping: 0.152200 ms MarkObjects: 2.609200 ms  DeleteObjects: 0.306500 ms)

========================================================================
Received Prepare
Refreshing native plugins compatible for Editor in 3.06 ms, found 1 plugins.
Preloading 0 native plugins for Editor in 0.00 ms.
Unloading 20 Unused Serialized files (Serialized files now loaded: 0)
System memory in use before: 54.8 MB.
System memory in use after: 54.4 MB.

Unloading 20 unused Assets to reduce memory usage. Loaded Objects now: 3335.
Total: 5.611400 ms (FindLiveObjects: 0.655800 ms CreateObjectMapping: 0.233900 ms MarkObjects: 4.082100 ms  DeleteObjects: 0.637100 ms)

========================================================================
Received Prepare
Registering precompiled user dll's ...
Registered in 0.012107 seconds.
Begin MonoManager ReloadAssembly
Native extension for LinuxStandalone target not found
Native extension for WindowsStandalone target not found
Native extension for OSXStandalone target not found
Native extension for WebGL target not found
Refreshing native plugins compatible for Editor in 0.63 ms, found 1 plugins.
Preloading 0 native plugins for Editor in 0.00 ms.
Mono: successfully reloaded assembly
- Completed reload, in  1.393 seconds
Platform modules already initialized, skipping
Refreshing native plugins compatible for Editor in 0.88 ms, found 1 plugins.
Preloading 0 native plugins for Editor in 0.00 ms.
Unloading 2675 Unused Serialized files (Serialized files now loaded: 0)
System memory in use before: 107.6 MB.
System memory in use after: 107.2 MB.

Unloading 22 unused Assets to reduce memory usage. Loaded Objects now: 3338.
Total: 4.922500 ms (FindLiveObjects: 0.291800 ms CreateObjectMapping: 0.157400 ms MarkObjects: 3.915400 ms  DeleteObjects: 0.553200 ms)

========================================================================
Received Prepare
Refreshing native plugins compatible for Editor in 6.78 ms, found 1 plugins.
Preloading 0 native plugins for Editor in 0.00 ms.
Unloading 20 Unused Serialized files (Serialized files now loaded: 0)
System memory in use before: 54.9 MB.
System memory in use after: 54.5 MB.

Unloading 20 unused Assets to reduce memory usage. Loaded Objects now: 3338.
Total: 6.687800 ms (FindLiveObjects: 0.642000 ms CreateObjectMapping: 0.489100 ms MarkObjects: 4.255500 ms  DeleteObjects: 1.299800 ms)

========================================================================
Received Prepare
Refreshing native plugins compatible for Editor in 2.47 ms, found 1 plugins.
Preloading 0 native plugins for Editor in 0.00 ms.
Unloading 20 Unused Serialized files (Serialized files now loaded: 0)
System memory in use before: 54.9 MB.
System memory in use after: 54.5 MB.

Unloading 20 unused Assets to reduce memory usage. Loaded Objects now: 3338.
Total: 3.291700 ms (FindLiveObjects: 0.366300 ms CreateObjectMapping: 0.262800 ms MarkObjects: 2.315100 ms  DeleteObjects: 0.345400 ms)

========================================================================
Received Prepare
Refreshing native plugins compatible for Editor in 2.95 ms, found 1 plugins.
Preloading 0 native plugins for Editor in 0.00 ms.
Unloading 20 Unused Serialized files (Serialized files now loaded: 0)
System memory in use before: 54.9 MB.
System memory in use after: 54.5 MB.

Unloading 20 unused Assets to reduce memory usage. Loaded Objects now: 3338.
Total: 3.562700 ms (FindLiveObjects: 0.487300 ms CreateObjectMapping: 0.173400 ms MarkObjects: 2.552100 ms  DeleteObjects: 0.348300 ms)

========================================================================
Received Prepare
Registering precompiled user dll's ...
Registered in 0.006204 seconds.
Begin MonoManager ReloadAssembly
Native extension for LinuxStandalone target not found
Native extension for WindowsStandalone target not found
Native extension for OSXStandalone target not found
Native extension for WebGL target not found
Refreshing native plugins compatible for Editor in 0.62 ms, found 1 plugins.
Preloading 0 native plugins for Editor in 0.00 ms.
Mono: successfully reloaded assembly
- Completed reload, in  1.541 seconds
Platform modules already initialized, skipping
Refreshing native plugins compatible for Editor in 0.75 ms, found 1 plugins.
Preloading 0 native plugins for Editor in 0.00 ms.
Unloading 2675 Unused Serialized files (Serialized files now loaded: 0)
System memory in use before: 107.6 MB.
System memory in use after: 107.2 MB.

Unloading 22 unused Assets to reduce memory usage. Loaded Objects now: 3341.
Total: 3.611500 ms (FindLiveObjects: 0.308000 ms CreateObjectMapping: 0.193900 ms MarkObjects: 2.661900 ms  DeleteObjects: 0.446100 ms)

========================================================================
Received Prepare
Refreshing native plugins compatible for Editor in 3.31 ms, found 1 plugins.
Preloading 0 native plugins for Editor in 0.00 ms.
Unloading 20 Unused Serialized files (Serialized files now loaded: 0)
System memory in use before: 54.9 MB.
System memory in use after: 54.5 MB.

Unloading 20 unused Assets to reduce memory usage. Loaded Objects now: 3341.
Total: 6.023900 ms (FindLiveObjects: 0.731900 ms CreateObjectMapping: 0.450500 ms MarkObjects: 4.250100 ms  DeleteObjects: 0.589600 ms)

========================================================================
Received Prepare
Refreshing native plugins compatible for Editor in 2.75 ms, found 1 plugins.
Preloading 0 native plugins for Editor in 0.00 ms.
Unloading 20 Unused Serialized files (Serialized files now loaded: 0)
System memory in use before: 54.9 MB.
System memory in use after: 54.5 MB.

Unloading 20 unused Assets to reduce memory usage. Loaded Objects now: 3341.
Total: 4.779000 ms (FindLiveObjects: 0.549000 ms CreateObjectMapping: 0.310700 ms MarkObjects: 3.389100 ms  DeleteObjects: 0.528100 ms)

========================================================================
Received Prepare
Registering precompiled user dll's ...
Registered in 0.009525 seconds.
Begin MonoManager ReloadAssembly
Native extension for LinuxStandalone target not found
Native extension for WindowsStandalone target not found
Native extension for OSXStandalone target not found
Native extension for WebGL target not found
Refreshing native plugins compatible for Editor in 1.08 ms, found 1 plugins.
Preloading 0 native plugins for Editor in 0.00 ms.
Mono: successfully reloaded assembly
- Completed reload, in  2.209 seconds
Platform modules already initialized, skipping
Refreshing native plugins compatible for Editor in 1.06 ms, found 1 plugins.
Preloading 0 native plugins for Editor in 0.00 ms.
Unloading 2675 Unused Serialized files (Serialized files now loaded: 0)
System memory in use before: 107.6 MB.
System memory in use after: 107.2 MB.

Unloading 22 unused Assets to reduce memory usage. Loaded Objects now: 3344.
Total: 5.152100 ms (FindLiveObjects: 0.491300 ms CreateObjectMapping: 0.335600 ms MarkObjects: 3.648100 ms  DeleteObjects: 0.674800 ms)

========================================================================
Received Prepare
Refreshing native plugins compatible for Editor in 5.84 ms, found 1 plugins.
Preloading 0 native plugins for Editor in 0.00 ms.
Unloading 20 Unused Serialized files (Serialized files now loaded: 0)
System memory in use before: 55.0 MB.
System memory in use after: 54.6 MB.

Unloading 20 unused Assets to reduce memory usage. Loaded Objects now: 3344.
Total: 3.932100 ms (FindLiveObjects: 0.350600 ms CreateObjectMapping: 0.501800 ms MarkObjects: 2.673300 ms  DeleteObjects: 0.404800 ms)

========================================================================
Received Prepare
Refreshing native plugins compatible for Editor in 4.38 ms, found 1 plugins.
Preloading 0 native plugins for Editor in 0.00 ms.
Unloading 20 Unused Serialized files (Serialized files now loaded: 0)
System memory in use before: 55.0 MB.
System memory in use after: 54.6 MB.

Unloading 20 unused Assets to reduce memory usage. Loaded Objects now: 3344.
Total: 3.770800 ms (FindLiveObjects: 0.325200 ms CreateObjectMapping: 0.180500 ms MarkObjects: 2.881200 ms  DeleteObjects: 0.381400 ms)

========================================================================
Received Prepare
Refreshing native plugins compatible for Editor in 3.55 ms, found 1 plugins.
Preloading 0 native plugins for Editor in 0.00 ms.
Unloading 20 Unused Serialized files (Serialized files now loaded: 0)
System memory in use before: 55.0 MB.
System memory in use after: 54.6 MB.

Unloading 20 unused Assets to reduce memory usage. Loaded Objects now: 3344.
Total: 4.792700 ms (FindLiveObjects: 0.417200 ms CreateObjectMapping: 0.235500 ms MarkObjects: 3.775900 ms  DeleteObjects: 0.362000 ms)

========================================================================
Received Prepare
Registering precompiled user dll's ...
Registered in 0.004966 seconds.
Begin MonoManager ReloadAssembly
Native extension for LinuxStandalone target not found
Native extension for WindowsStandalone target not found
Native extension for OSXStandalone target not found
Native extension for WebGL target not found
Refreshing native plugins compatible for Editor in 0.95 ms, found 1 plugins.
Preloading 0 native plugins for Editor in 0.00 ms.
Mono: successfully reloaded assembly
- Completed reload, in  1.440 seconds
Platform modules already initialized, skipping
Refreshing native plugins compatible for Editor in 0.62 ms, found 1 plugins.
Preloading 0 native plugins for Editor in 0.00 ms.
Unloading 2675 Unused Serialized files (Serialized files now loaded: 0)
System memory in use before: 107.6 MB.
System memory in use after: 107.2 MB.

Unloading 22 unused Assets to reduce memory usage. Loaded Objects now: 3347.
Total: 3.136300 ms (FindLiveObjects: 0.286200 ms CreateObjectMapping: 0.186300 ms MarkObjects: 2.332500 ms  DeleteObjects: 0.329700 ms)

========================================================================
Received Prepare
Refreshing native plugins compatible for Editor in 3.17 ms, found 1 plugins.
Preloading 0 native plugins for Editor in 0.00 ms.
Unloading 20 Unused Serialized files (Serialized files now loaded: 0)
System memory in use before: 55.0 MB.
System memory in use after: 54.6 MB.

Unloading 20 unused Assets to reduce memory usage. Loaded Objects now: 3347.
Total: 3.565300 ms (FindLiveObjects: 0.335000 ms CreateObjectMapping: 0.204500 ms MarkObjects: 2.673500 ms  DeleteObjects: 0.351000 ms)

========================================================================
Received Prepare
Refreshing native plugins compatible for Editor in 3.18 ms, found 1 plugins.
Preloading 0 native plugins for Editor in 0.00 ms.
Unloading 20 Unused Serialized files (Serialized files now loaded: 0)
System memory in use before: 55.0 MB.
System memory in use after: 54.6 MB.

Unloading 20 unused Assets to reduce memory usage. Loaded Objects now: 3347.
Total: 4.646700 ms (FindLiveObjects: 0.417400 ms CreateObjectMapping: 0.241100 ms MarkObjects: 3.652900 ms  DeleteObjects: 0.334000 ms)

AssetImportWorkerClient::OnTransportError - code=2 error=End of file
